<component name="libraryTable">
  <library name="junit-5.2">
    <CLASSES>
      <root url="jar://$PROJECT_DIR$/lib/test/junit-5.2.0/junit-jupiter-api-5.2.0.jar!/" />
      <root url="jar://$PROJECT_DIR$/lib/test/junit-5.2.0/junit-jupiter-engine-5.2.0.jar!/" />
      <root url="jar://$PROJECT_DIR$/lib/test/junit-5.2.0/junit-platform-commons-1.2.0.jar!/" />
      <root url="jar://$PROJECT_DIR$/lib/test/junit-5.2.0/junit-platform-console-1.2.0.jar!/" />
      <root url="jar://$PROJECT_DIR$/lib/test/junit-5.2.0/junit-platform-engine-1.2.0.jar!/" />
      <root url="jar://$PROJECT_DIR$/lib/test/junit-5.2.0/junit-platform-gradle-plugin-1.2.0.jar!/" />
      <root url="jar://$PROJECT_DIR$/lib/test/junit-5.2.0/junit-platform-launcher-1.2.0.jar!/" />
      <root url="jar://$PROJECT_DIR$/lib/test/junit-5.2.0/junit-platform-runner-1.2.0.jar!/" />
      <root url="jar://$PROJECT_DIR$/lib/test/junit-5.2.0/junit-platform-suite-api-1.2.0.jar!/" />
      <root url="jar://$PROJECT_DIR$/lib/test/junit-5.2.0/junit-platform-surefire-provider-1.2.0.jar!/" />
      <root url="jar://$PROJECT_DIR$/lib/test/junit-5.2.0/junit-vintage-engine-5.2.0.jar!/" />
      <root url="jar://$PROJECT_DIR$/lib/test/junit-5.2.0/junit-jupiter-params-5.2.0.jar!/" />
      <root url="jar://$PROJECT_DIR$/lib/test/junit-5.2.0/opentest4j-1.0.0.jar!/" />
    </CLASSES>
    <JAVADOC>
      <root url="jar://$PROJECT_DIR$/lib/test/junit-5.2.0/junit-jupiter-api-5.2.0-javadoc.jar!/" />
      <root url="jar://$PROJECT_DIR$/lib/test/junit-5.2.0/junit-jupiter-engine-5.2.0-javadoc.jar!/" />
      <root url="jar://$PROJECT_DIR$/lib/test/junit-5.2.0/junit-platform-commons-1.2.0-javadoc.jar!/" />
      <root url="jar://$PROJECT_DIR$/lib/test/junit-5.2.0/junit-platform-console-1.2.0-javadoc.jar!/" />
      <root url="jar://$PROJECT_DIR$/lib/test/junit-5.2.0/junit-platform-engine-1.2.0-javadoc.jar!/" />
      <root url="jar://$PROJECT_DIR$/lib/test/junit-5.2.0/junit-platform-launcher-1.2.0-javadoc.jar!/" />
      <root url="jar://$PROJECT_DIR$/lib/test/junit-5.2.0/junit-platform-runner-1.2.0-javadoc.jar!/" />
      <root url="jar://$PROJECT_DIR$/lib/test/junit-5.2.0/junit-platform-suite-api-1.2.0-javadoc.jar!/" />
      <root url="jar://$PROJECT_DIR$/lib/test/junit-5.2.0/junit-platform-surefire-provider-1.2.0-javadoc.jar!/" />
      <root url="jar://$PROJECT_DIR$/lib/test/junit-5.2.0/junit-vintage-engine-5.2.0-javadoc.jar!/" />
      <root url="jar://$PROJECT_DIR$/lib/test/junit-5.2.0/junit-jupiter-params-5.2.0-javadoc.jar!/" />
      <root url="jar://$PROJECT_DIR$/lib/test/junit-5.2.0/opentest4j-1.0.0-javadoc.jar!/" />
    </JAVADOC>
    <SOURCES>
      <root url="jar://$PROJECT_DIR$/lib/test/junit-5.2.0/junit-jupiter-api-5.2.0-sources.jar!/" />
      <root url="jar://$PROJECT_DIR$/lib/test/junit-5.2.0/junit-jupiter-engine-5.2.0-sources.jar!/" />
      <root url="jar://$PROJECT_DIR$/lib/test/junit-5.2.0/junit-platform-commons-1.2.0-sources.jar!/" />
      <root url="jar://$PROJECT_DIR$/lib/test/junit-5.2.0/junit-platform-console-1.2.0-sources.jar!/" />
      <root url="jar://$PROJECT_DIR$/lib/test/junit-5.2.0/junit-platform-engine-1.2.0-sources.jar!/" />
      <root url="jar://$PROJECT_DIR$/lib/test/junit-5.2.0/junit-platform-launcher-1.2.0-sources.jar!/" />
      <root url="jar://$PROJECT_DIR$/lib/test/junit-5.2.0/junit-platform-runner-1.2.0-sources.jar!/" />
      <root url="jar://$PROJECT_DIR$/lib/test/junit-5.2.0/junit-platform-suite-api-1.2.0-sources.jar!/" />
      <root url="jar://$PROJECT_DIR$/lib/test/junit-5.2.0/junit-platform-surefire-provider-1.2.0-sources.jar!/" />
      <root url="jar://$PROJECT_DIR$/lib/test/junit-5.2.0/junit-vintage-engine-5.2.0-sources.jar!/" />
      <root url="jar://$PROJECT_DIR$/lib/test/junit-5.2.0/junit-jupiter-params-5.2.0-sources.jar!/" />
      <root url="jar://$PROJECT_DIR$/lib/test/junit-5.2.0/opentest4j-1.0.0-sources.jar!/" />
    </SOURCES>
  </library>
</component>